[0m16:51:06.121101 [debug] [MainThread]: Sending event: {'category': 'dbt', 'action': 'invocation', 'label': 'start', 'context': [<snowplow_tracker.self_describing_json.SelfDescribingJson object at 0x0000022A5271A090>, <snowplow_tracker.self_describing_json.SelfDescribingJson object at 0x0000022A52718CD0>, <snowplow_tracker.self_describing_json.SelfDescribingJson object at 0x0000022A52768850>]}


============================== 16:51:06.127102 | 5aae9cc4-2cca-4290-bb85-58cd9ec24639 ==============================
[0m16:51:06.127102 [info ] [MainThread]: Running with dbt=1.8.3
[0m16:51:06.129115 [debug] [MainThread]: running dbt with arguments {'printer_width': '80', 'indirect_selection': 'eager', 'write_json': 'True', 'log_cache_events': 'False', 'partial_parse': 'True', 'cache_selected_only': 'False', 'profiles_dir': 'C:\\Users\\Alana\\.dbt', 'debug': 'False', 'version_check': 'True', 'log_path': 'logs', 'fail_fast': 'False', 'warn_error': 'None', 'use_colors': 'True', 'use_experimental_parser': 'False', 'empty': 'None', 'quiet': 'False', 'no_print': 'None', 'log_format': 'default', 'invocation_command': 'dbt init', 'warn_error_options': 'WarnErrorOptions(include=[], exclude=[])', 'static_parser': 'True', 'target_path': 'None', 'introspect': 'True', 'send_anonymous_usage_stats': 'True'}
[0m16:51:06.169105 [warn ] [MainThread]: [ConfigFolderDirectory]: Unable to parse dict {'dir': WindowsPath('C:/Users/Alana/.dbt')}
[0m16:51:06.171104 [info ] [MainThread]: Creating dbt configuration folder at 
[0m16:51:26.044037 [debug] [MainThread]: Starter project path: C:\Users\Alana\Documents\Cursos\.venv\Lib\site-packages\dbt\include\starter_project
[0m16:51:26.127220 [info ] [MainThread]: 
Your new dbt project "datawharehouse" was created!

For more information on how to configure the profiles.yml file,
please consult the dbt documentation here:

  https://docs.getdbt.com/docs/configure-your-profile

One more thing:

Need help? Don't hesitate to reach out to us via GitHub issues or on Slack:

  https://community.getdbt.com/

Happy modeling!

[0m16:51:26.132218 [info ] [MainThread]: Setting up your profile.
[0m16:53:25.787634 [info ] [MainThread]: Profile datawharehouse written to C:\Users\Alana\.dbt\profiles.yml using target's profile_template.yml and your supplied values. Run 'dbt debug' to validate the connection.
[0m16:53:25.790637 [debug] [MainThread]: Command `dbt init` succeeded at 16:53:25.789629 after 139.76 seconds
[0m16:53:25.791629 [debug] [MainThread]: Sending event: {'category': 'dbt', 'action': 'invocation', 'label': 'end', 'context': [<snowplow_tracker.self_describing_json.SelfDescribingJson object at 0x0000022A5271C690>, <snowplow_tracker.self_describing_json.SelfDescribingJson object at 0x0000022A45B090D0>, <snowplow_tracker.self_describing_json.SelfDescribingJson object at 0x0000022A45B08F50>]}
[0m16:53:25.792631 [debug] [MainThread]: Flushing usage events
